<?xml version="1.0" encoding="UTF-8"?>
<testsuite xmlns:xsi="http://www.w3.org/2001/XMLSchema-instance" xsi:noNamespaceSchemaLocation="https://maven.apache.org/surefire/maven-surefire-plugin/xsd/surefire-test-report.xsd" name="MyDoubleLinkListTest" time="0.001" tests="8" errors="0" skipped="0" failures="0">
  <properties>
[...]
</properties>
  <testcase name="headNullIfEmptyNoAdd" classname="MyDoubleLinkListTest" time="0"/>
  <testcase name="tailNotNullIfAdd" classname="MyDoubleLinkListTest" time="0"/>
  <testcase name="tailNullIfEmptyNoAdd" classname="MyDoubleLinkListTest" time="0.001"/>
  <testcase name="headNullAfterPushAndPop" classname="MyDoubleLinkListTest" time="0"/>
  <testcase name="headNotNullIfAdd" classname="MyDoubleLinkListTest" time="0"/>
  <testcase name="headNotNullIfPush" classname="MyDoubleLinkListTest" time="0"/>
  <testcase name="tailNullAfterAddAndRemove" classname="MyDoubleLinkListTest" time="0"/>
  <testcase name="tailNotNullIfPush" classname="MyDoubleLinkListTest" time="0"/>
</testsuite>